[2024-09-01T23:39:18.741Z] info: GET en /api/products/66d4fb26939406980fa47958 - 1/9/2024
[2024-09-01T23:39:18.741Z] error: GET en /api/products/66d4fb26939406980fa47958 - 1/9/2024
[2024-09-01T23:39:18.742Z] warning: GET en /api/products/66d4fb26939406980fa47958 - 1/9/2024
[2024-09-01T23:39:18.742Z] fatal: GET en /api/products/66d4fb26939406980fa47958 - 1/9/2024
[2024-09-01T23:39:18.817Z] error: El id ingresado: 66d4fb1c939406980fa47956 no corresponde a ningun id de productos
[2024-09-01T23:39:18.817Z] error: Hubo un problema en el productService function getProductById:
[2024-09-01T23:39:18.818Z] error: hubo algun problema:  Hubo un problema en el productService function getProductById
[2024-09-01T23:39:28.748Z] error: El id ingresado: 66d4fb26939406980fa47958 no corresponde a ningun id de productos
[2024-09-01T23:39:28.749Z] error: Hubo un problema en el productService function getProductById:
[2024-09-01T23:39:28.750Z] error: hubo algun problema:  Hubo un problema en el productService function getProductById
[2024-09-01T23:39:28.848Z] info: PUT en /api/products/66d4fb30939406980fa47959 - 1/9/2024
[2024-09-01T23:39:28.849Z] error: PUT en /api/products/66d4fb30939406980fa47959 - 1/9/2024
[2024-09-01T23:39:28.849Z] warning: PUT en /api/products/66d4fb30939406980fa47959 - 1/9/2024
[2024-09-01T23:39:28.849Z] fatal: PUT en /api/products/66d4fb30939406980fa47959 - 1/9/2024
[2024-09-01T23:39:38.790Z] info: PUT en /api/products/66d4fb3a939406980fa4795b - 1/9/2024
[2024-09-01T23:39:38.790Z] error: PUT en /api/products/66d4fb3a939406980fa4795b - 1/9/2024
[2024-09-01T23:39:38.790Z] warning: PUT en /api/products/66d4fb3a939406980fa4795b - 1/9/2024
[2024-09-01T23:39:38.791Z] fatal: PUT en /api/products/66d4fb3a939406980fa4795b - 1/9/2024
[2024-09-01T23:39:38.861Z] error: El id ingresado: 66d4fb30939406980fa47959 no corresponde a ningun id de productos
[2024-09-01T23:39:38.862Z] error: Hubo un problema en el productService function updateProduct:
[2024-09-01T23:39:38.862Z] error: Error al actualizar el producto: Hubo un problema en el productService function updateProduct
[2024-09-01T23:39:48.810Z] error: El id ingresado: 66d4fb3a939406980fa4795b no corresponde a ningun id de productos
[2024-09-01T23:39:48.811Z] error: Hubo un problema en el productService function updateProduct:
[2024-09-01T23:39:48.811Z] error: Error al actualizar el producto: Hubo un problema en el productService function updateProduct
[2024-09-01T23:39:48.858Z] info: DELETE en /api/products/66d4fb44939406980fa4795c - 1/9/2024
[2024-09-01T23:39:48.859Z] error: DELETE en /api/products/66d4fb44939406980fa4795c - 1/9/2024
[2024-09-01T23:39:48.859Z] warning: DELETE en /api/products/66d4fb44939406980fa4795c - 1/9/2024
[2024-09-01T23:39:48.859Z] fatal: DELETE en /api/products/66d4fb44939406980fa4795c - 1/9/2024
[2024-09-01T23:39:58.804Z] info: DELETE en /api/products/66d4fb4e939406980fa4795e - 1/9/2024
[2024-09-01T23:39:58.804Z] error: DELETE en /api/products/66d4fb4e939406980fa4795e - 1/9/2024
[2024-09-01T23:39:58.805Z] warning: DELETE en /api/products/66d4fb4e939406980fa4795e - 1/9/2024
[2024-09-01T23:39:58.805Z] fatal: DELETE en /api/products/66d4fb4e939406980fa4795e - 1/9/2024
[2024-09-01T23:39:58.871Z] error: El id ingresado: 66d4fb44939406980fa4795c no corresponde a ningun id de productos
[2024-09-01T23:39:58.871Z] error: Hubo un problema en el productService function getProductById:
[2024-09-01T23:39:58.872Z] error: Error al borrar el Producto Hubo un problema en el productService function getProductById
[2024-09-01T23:40:08.820Z] error: El id ingresado: 66d4fb4e939406980fa4795e no corresponde a ningun id de productos
[2024-09-01T23:40:08.821Z] error: Hubo un problema en el productService function getProductById:
[2024-09-01T23:40:08.822Z] error: Error al borrar el Producto Hubo un problema en el productService function getProductById
[2024-09-01T23:42:04.029Z] info: Ya estamos conectados a la base de datos
[2024-09-01T23:42:04.079Z] info: Aplicación funcionando en el puerto: 8080
[2024-09-01T23:42:05.294Z] info: Conectado a la base de datos
[2024-09-01T23:43:26.857Z] info: POST en /api/products - 1/9/2024
[2024-09-01T23:43:26.858Z] error: POST en /api/products - 1/9/2024
[2024-09-01T23:43:26.860Z] warning: POST en /api/products - 1/9/2024
[2024-09-01T23:43:26.866Z] fatal: POST en /api/products - 1/9/2024
[2024-09-01T23:43:26.870Z] info: A revisar funcion de addproduct
[2024-09-01T23:43:26.871Z] info: Contenido del producto a agregar: [object Object]
[2024-09-01T23:43:26.873Z] info: Veamos el contenido al agregar un producto
[2024-09-01T23:43:26.874Z] info: {
  "title": "Producto Test2",
  "description": "Descripción de prueba2",
  "price": 100,
  "code": "PRD002",
  "role": "admin",
  "category": "Categoría Test2",
  "stock": 10
}
[2024-09-01T23:43:27.143Z] info: POST en /api/products - 1/9/2024
[2024-09-01T23:43:27.144Z] error: POST en /api/products - 1/9/2024
[2024-09-01T23:43:27.145Z] warning: POST en /api/products - 1/9/2024
[2024-09-01T23:43:27.145Z] fatal: POST en /api/products - 1/9/2024
[2024-09-01T23:43:27.147Z] info: A revisar funcion de addproduct
[2024-09-01T23:43:27.148Z] info: Contenido del producto a agregar: [object Object]
[2024-09-01T23:43:27.148Z] info: Veamos el contenido al agregar un producto
[2024-09-01T23:43:27.149Z] info: {
  "description": "Descripción de prueba",
  "price": 100
}
[2024-09-01T23:43:27.158Z] warning: parece que hubo algun error en algunos de los campos ingresados
[2024-09-01T23:43:27.160Z] error: Hubo un problema en el productService function addProduct: [object Object]
[2024-09-01T23:43:27.160Z] error: Error al agregar el producto:  Hubo un problema en el productService function addProduct
[2024-09-01T23:43:27.307Z] info: GET en /api/products/66d4fc1f341ae8e7b7b2f30c - 1/9/2024
[2024-09-01T23:43:27.308Z] error: GET en /api/products/66d4fc1f341ae8e7b7b2f30c - 1/9/2024
[2024-09-01T23:43:27.308Z] warning: GET en /api/products/66d4fc1f341ae8e7b7b2f30c - 1/9/2024
[2024-09-01T23:43:27.308Z] fatal: GET en /api/products/66d4fc1f341ae8e7b7b2f30c - 1/9/2024
[2024-09-01T23:43:27.426Z] info: GET en /api/products/66d4fc1f341ae8e7b7b2f30e - 1/9/2024
[2024-09-01T23:43:27.427Z] error: GET en /api/products/66d4fc1f341ae8e7b7b2f30e - 1/9/2024
[2024-09-01T23:43:27.427Z] warning: GET en /api/products/66d4fc1f341ae8e7b7b2f30e - 1/9/2024
[2024-09-01T23:43:27.428Z] fatal: GET en /api/products/66d4fc1f341ae8e7b7b2f30e - 1/9/2024
[2024-09-01T23:43:27.599Z] info: PUT en /api/products/66d4fc1f341ae8e7b7b2f30f - 1/9/2024
[2024-09-01T23:43:27.600Z] error: PUT en /api/products/66d4fc1f341ae8e7b7b2f30f - 1/9/2024
[2024-09-01T23:43:27.600Z] warning: PUT en /api/products/66d4fc1f341ae8e7b7b2f30f - 1/9/2024
[2024-09-01T23:43:27.600Z] fatal: PUT en /api/products/66d4fc1f341ae8e7b7b2f30f - 1/9/2024
[2024-09-01T23:43:27.752Z] info: El producto fue Actualizado Correctamente
[2024-09-01T23:43:27.781Z] info: PUT en /api/products/66d4fc1f341ae8e7b7b2f311 - 1/9/2024
[2024-09-01T23:43:27.782Z] error: PUT en /api/products/66d4fc1f341ae8e7b7b2f311 - 1/9/2024
[2024-09-01T23:43:27.782Z] warning: PUT en /api/products/66d4fc1f341ae8e7b7b2f311 - 1/9/2024
[2024-09-01T23:43:27.783Z] fatal: PUT en /api/products/66d4fc1f341ae8e7b7b2f311 - 1/9/2024
[2024-09-01T23:43:27.845Z] error: El id ingresado: 66d4fc1f341ae8e7b7b2f311 no corresponde a ningun id de productos
[2024-09-01T23:43:27.846Z] error: Hubo un problema en el productService function updateProduct:
[2024-09-01T23:43:27.847Z] error: Error al actualizar el producto: Hubo un problema en el productService function updateProduct
[2024-09-01T23:43:27.946Z] info: DELETE en /api/products/66d4fc1f341ae8e7b7b2f312 - 1/9/2024
[2024-09-01T23:43:27.946Z] error: DELETE en /api/products/66d4fc1f341ae8e7b7b2f312 - 1/9/2024
[2024-09-01T23:43:27.946Z] warning: DELETE en /api/products/66d4fc1f341ae8e7b7b2f312 - 1/9/2024
[2024-09-01T23:43:27.947Z] fatal: DELETE en /api/products/66d4fc1f341ae8e7b7b2f312 - 1/9/2024
[2024-09-01T23:43:28.028Z] info: Entramos a la funcion DELTEPRODUCT
[2024-09-01T23:43:28.196Z] info: Product Eliminado
[2024-09-01T23:43:28.223Z] info: DELETE en /api/products/66d4fc20341ae8e7b7b2f314 - 1/9/2024
[2024-09-01T23:43:28.224Z] error: DELETE en /api/products/66d4fc20341ae8e7b7b2f314 - 1/9/2024
[2024-09-01T23:43:28.224Z] warning: DELETE en /api/products/66d4fc20341ae8e7b7b2f314 - 1/9/2024
[2024-09-01T23:43:28.225Z] fatal: DELETE en /api/products/66d4fc20341ae8e7b7b2f314 - 1/9/2024
[2024-09-01T23:43:28.289Z] info: Entramos a la funcion DELTEPRODUCT
[2024-09-01T23:44:04.123Z] info: POST en /api/carts - 1/9/2024
[2024-09-01T23:44:04.125Z] error: POST en /api/carts - 1/9/2024
[2024-09-01T23:44:04.125Z] warning: POST en /api/carts - 1/9/2024
[2024-09-01T23:44:04.125Z] fatal: POST en /api/carts - 1/9/2024
[2024-09-01T23:44:04.280Z] info: GET en /api/carts - 1/9/2024
[2024-09-01T23:44:04.280Z] error: GET en /api/carts - 1/9/2024
[2024-09-01T23:44:04.280Z] warning: GET en /api/carts - 1/9/2024
[2024-09-01T23:44:04.281Z] fatal: GET en /api/carts - 1/9/2024
[2024-09-01T23:44:04.548Z] info: GET en /api/carts/66d4fc44e771f385e64858d3 - 1/9/2024
[2024-09-01T23:44:04.549Z] error: GET en /api/carts/66d4fc44e771f385e64858d3 - 1/9/2024
[2024-09-01T23:44:04.549Z] warning: GET en /api/carts/66d4fc44e771f385e64858d3 - 1/9/2024
[2024-09-01T23:44:04.549Z] fatal: GET en /api/carts/66d4fc44e771f385e64858d3 - 1/9/2024
[2024-09-01T23:44:04.776Z] info: GET en /api/carts/66d4fc44e771f385e64858d6 - 1/9/2024
[2024-09-01T23:44:04.777Z] error: GET en /api/carts/66d4fc44e771f385e64858d6 - 1/9/2024
[2024-09-01T23:44:04.777Z] warning: GET en /api/carts/66d4fc44e771f385e64858d6 - 1/9/2024
[2024-09-01T23:44:04.777Z] fatal: GET en /api/carts/66d4fc44e771f385e64858d6 - 1/9/2024
[2024-09-01T23:44:05.063Z] info: DELETE en /api/carts/66d4fc44e771f385e64858d7 - 1/9/2024
[2024-09-01T23:44:05.064Z] error: DELETE en /api/carts/66d4fc44e771f385e64858d7 - 1/9/2024
[2024-09-01T23:44:05.064Z] warning: DELETE en /api/carts/66d4fc44e771f385e64858d7 - 1/9/2024
[2024-09-01T23:44:05.065Z] fatal: DELETE en /api/carts/66d4fc44e771f385e64858d7 - 1/9/2024
[2024-09-01T23:44:05.170Z] info: DELETE en /api/carts/66d4fc45e771f385e64858da - 1/9/2024
[2024-09-01T23:44:05.170Z] error: DELETE en /api/carts/66d4fc45e771f385e64858da - 1/9/2024
[2024-09-01T23:44:05.171Z] warning: DELETE en /api/carts/66d4fc45e771f385e64858da - 1/9/2024
[2024-09-01T23:44:05.171Z] fatal: DELETE en /api/carts/66d4fc45e771f385e64858da - 1/9/2024
[2024-09-01T23:44:05.431Z] info: POST en /api/carts/66d4fc45e771f385e64858db/product/66d4fc45e771f385e64858dd - 1/9/2024
[2024-09-01T23:44:05.431Z] error: POST en /api/carts/66d4fc45e771f385e64858db/product/66d4fc45e771f385e64858dd - 1/9/2024
[2024-09-01T23:44:05.432Z] warning: POST en /api/carts/66d4fc45e771f385e64858db/product/66d4fc45e771f385e64858dd - 1/9/2024
[2024-09-01T23:44:05.432Z] fatal: POST en /api/carts/66d4fc45e771f385e64858db/product/66d4fc45e771f385e64858dd - 1/9/2024
[2024-09-01T23:44:05.824Z] info: POST en /api/carts/66d4fc45e771f385e64858df/product/66d4fc45e771f385e64858e1 - 1/9/2024
[2024-09-01T23:44:05.825Z] error: POST en /api/carts/66d4fc45e771f385e64858df/product/66d4fc45e771f385e64858e1 - 1/9/2024
[2024-09-01T23:44:05.825Z] warning: POST en /api/carts/66d4fc45e771f385e64858df/product/66d4fc45e771f385e64858e1 - 1/9/2024
[2024-09-01T23:44:05.826Z] fatal: POST en /api/carts/66d4fc45e771f385e64858df/product/66d4fc45e771f385e64858e1 - 1/9/2024
[2024-09-01T23:44:06.073Z] info: DELETE en /api/carts/66d4fc45e771f385e64858df/product/66d4fc45e771f385e64858e1 - 1/9/2024
[2024-09-01T23:44:06.074Z] error: DELETE en /api/carts/66d4fc45e771f385e64858df/product/66d4fc45e771f385e64858e1 - 1/9/2024
[2024-09-01T23:44:06.074Z] warning: DELETE en /api/carts/66d4fc45e771f385e64858df/product/66d4fc45e771f385e64858e1 - 1/9/2024
[2024-09-01T23:44:06.075Z] fatal: DELETE en /api/carts/66d4fc45e771f385e64858df/product/66d4fc45e771f385e64858e1 - 1/9/2024
[2024-09-01T23:44:06.149Z] error: El id del producto undefined no es válido
[2024-09-01T23:44:06.149Z] error: Error al eliminar el producto del carrito con id: 66d4fc45e771f385e64858df e id del producto: undefined
[2024-09-01T23:44:06.149Z] error: function Error() { [native code] }
[2024-09-01T23:44:06.149Z] error: Error al Eliminar el producto del Cart: 66d4fc45e771f385e64858df indicado undefined 
[2024-09-01T23:44:06.150Z] error: Hubo un problema al eliminar el producto del carrito
[2024-09-01T23:52:33.708Z] info: POST en /api/carts - 1/9/2024
[2024-09-01T23:52:33.709Z] error: POST en /api/carts - 1/9/2024
[2024-09-01T23:52:33.709Z] warning: POST en /api/carts - 1/9/2024
[2024-09-01T23:52:33.709Z] fatal: POST en /api/carts - 1/9/2024
[2024-09-01T23:52:33.818Z] info: GET en /api/carts - 1/9/2024
[2024-09-01T23:52:33.818Z] error: GET en /api/carts - 1/9/2024
[2024-09-01T23:52:33.818Z] warning: GET en /api/carts - 1/9/2024
[2024-09-01T23:52:33.818Z] fatal: GET en /api/carts - 1/9/2024
[2024-09-01T23:52:34.006Z] info: GET en /api/carts/66d4fe4170ddee5ecb2ced80 - 1/9/2024
[2024-09-01T23:52:34.006Z] error: GET en /api/carts/66d4fe4170ddee5ecb2ced80 - 1/9/2024
[2024-09-01T23:52:34.006Z] warning: GET en /api/carts/66d4fe4170ddee5ecb2ced80 - 1/9/2024
[2024-09-01T23:52:34.006Z] fatal: GET en /api/carts/66d4fe4170ddee5ecb2ced80 - 1/9/2024
[2024-09-01T23:52:34.134Z] info: GET en /api/carts/66d4fe4270ddee5ecb2ced82 - 1/9/2024
[2024-09-01T23:52:34.134Z] error: GET en /api/carts/66d4fe4270ddee5ecb2ced82 - 1/9/2024
[2024-09-01T23:52:34.134Z] warning: GET en /api/carts/66d4fe4270ddee5ecb2ced82 - 1/9/2024
[2024-09-01T23:52:34.134Z] fatal: GET en /api/carts/66d4fe4270ddee5ecb2ced82 - 1/9/2024
[2024-09-01T23:52:34.385Z] info: DELETE en /api/carts/66d4fe4270ddee5ecb2ced84 - 1/9/2024
[2024-09-01T23:52:34.385Z] error: DELETE en /api/carts/66d4fe4270ddee5ecb2ced84 - 1/9/2024
[2024-09-01T23:52:34.385Z] warning: DELETE en /api/carts/66d4fe4270ddee5ecb2ced84 - 1/9/2024
[2024-09-01T23:52:34.385Z] fatal: DELETE en /api/carts/66d4fe4270ddee5ecb2ced84 - 1/9/2024
[2024-09-01T23:52:34.476Z] info: DELETE en /api/carts/66d4fe4270ddee5ecb2ced87 - 1/9/2024
[2024-09-01T23:52:34.477Z] error: DELETE en /api/carts/66d4fe4270ddee5ecb2ced87 - 1/9/2024
[2024-09-01T23:52:34.477Z] warning: DELETE en /api/carts/66d4fe4270ddee5ecb2ced87 - 1/9/2024
[2024-09-01T23:52:34.478Z] fatal: DELETE en /api/carts/66d4fe4270ddee5ecb2ced87 - 1/9/2024
[2024-09-01T23:52:34.731Z] info: POST en /api/carts/66d4fe4270ddee5ecb2ced88/product/66d4fe4270ddee5ecb2ced8a - 1/9/2024
[2024-09-01T23:52:34.731Z] error: POST en /api/carts/66d4fe4270ddee5ecb2ced88/product/66d4fe4270ddee5ecb2ced8a - 1/9/2024
[2024-09-01T23:52:34.731Z] warning: POST en /api/carts/66d4fe4270ddee5ecb2ced88/product/66d4fe4270ddee5ecb2ced8a - 1/9/2024
[2024-09-01T23:52:34.732Z] fatal: POST en /api/carts/66d4fe4270ddee5ecb2ced88/product/66d4fe4270ddee5ecb2ced8a - 1/9/2024
[2024-09-01T23:52:35.037Z] info: POST en /api/carts/66d4fe4270ddee5ecb2ced8c/product/66d4fe4270ddee5ecb2ced8e - 1/9/2024
[2024-09-01T23:52:35.037Z] error: POST en /api/carts/66d4fe4270ddee5ecb2ced8c/product/66d4fe4270ddee5ecb2ced8e - 1/9/2024
[2024-09-01T23:52:35.037Z] warning: POST en /api/carts/66d4fe4270ddee5ecb2ced8c/product/66d4fe4270ddee5ecb2ced8e - 1/9/2024
[2024-09-01T23:52:35.038Z] fatal: POST en /api/carts/66d4fe4270ddee5ecb2ced8c/product/66d4fe4270ddee5ecb2ced8e - 1/9/2024
[2024-09-01T23:52:35.261Z] info: DELETE en /api/carts/66d4fe4270ddee5ecb2ced8c/product/undefined - 1/9/2024
[2024-09-01T23:52:35.262Z] error: DELETE en /api/carts/66d4fe4270ddee5ecb2ced8c/product/undefined - 1/9/2024
[2024-09-01T23:52:35.262Z] warning: DELETE en /api/carts/66d4fe4270ddee5ecb2ced8c/product/undefined - 1/9/2024
[2024-09-01T23:52:35.262Z] fatal: DELETE en /api/carts/66d4fe4270ddee5ecb2ced8c/product/undefined - 1/9/2024
[2024-09-01T23:52:35.323Z] error: El id del producto undefined no es válido
[2024-09-01T23:52:35.324Z] error: Error al eliminar el producto del carrito con id: 66d4fe4270ddee5ecb2ced8c e id del producto: undefined
[2024-09-01T23:52:35.324Z] error: function Error() { [native code] }
[2024-09-01T23:52:35.324Z] error: Error al Eliminar el producto del Cart: 66d4fe4270ddee5ecb2ced8c indicado undefined 
[2024-09-01T23:52:35.324Z] error: Hubo un problema al eliminar el producto del carrito
[2024-09-01T23:54:31.950Z] info: POST en /api/carts - 1/9/2024
[2024-09-01T23:54:31.950Z] error: POST en /api/carts - 1/9/2024
[2024-09-01T23:54:31.950Z] warning: POST en /api/carts - 1/9/2024
[2024-09-01T23:54:31.950Z] fatal: POST en /api/carts - 1/9/2024
[2024-09-01T23:54:32.085Z] info: GET en /api/carts - 1/9/2024
[2024-09-01T23:54:32.085Z] error: GET en /api/carts - 1/9/2024
[2024-09-01T23:54:32.085Z] warning: GET en /api/carts - 1/9/2024
[2024-09-01T23:54:32.085Z] fatal: GET en /api/carts - 1/9/2024
[2024-09-01T23:54:32.305Z] info: GET en /api/carts/66d4feb8854a328c50ffdfd5 - 1/9/2024
[2024-09-01T23:54:32.306Z] error: GET en /api/carts/66d4feb8854a328c50ffdfd5 - 1/9/2024
[2024-09-01T23:54:32.308Z] warning: GET en /api/carts/66d4feb8854a328c50ffdfd5 - 1/9/2024
[2024-09-01T23:54:32.309Z] fatal: GET en /api/carts/66d4feb8854a328c50ffdfd5 - 1/9/2024
[2024-09-01T23:54:32.428Z] info: GET en /api/carts/66d4feb8854a328c50ffdfd8 - 1/9/2024
[2024-09-01T23:54:32.429Z] error: GET en /api/carts/66d4feb8854a328c50ffdfd8 - 1/9/2024
[2024-09-01T23:54:32.429Z] warning: GET en /api/carts/66d4feb8854a328c50ffdfd8 - 1/9/2024
[2024-09-01T23:54:32.429Z] fatal: GET en /api/carts/66d4feb8854a328c50ffdfd8 - 1/9/2024
[2024-09-01T23:54:32.693Z] info: DELETE en /api/carts/66d4feb8854a328c50ffdfd9 - 1/9/2024
[2024-09-01T23:54:32.693Z] error: DELETE en /api/carts/66d4feb8854a328c50ffdfd9 - 1/9/2024
[2024-09-01T23:54:32.693Z] warning: DELETE en /api/carts/66d4feb8854a328c50ffdfd9 - 1/9/2024
[2024-09-01T23:54:32.694Z] fatal: DELETE en /api/carts/66d4feb8854a328c50ffdfd9 - 1/9/2024
[2024-09-01T23:54:32.801Z] info: DELETE en /api/carts/66d4feb8854a328c50ffdfdc - 1/9/2024
[2024-09-01T23:54:32.802Z] error: DELETE en /api/carts/66d4feb8854a328c50ffdfdc - 1/9/2024
[2024-09-01T23:54:32.802Z] warning: DELETE en /api/carts/66d4feb8854a328c50ffdfdc - 1/9/2024
[2024-09-01T23:54:32.802Z] fatal: DELETE en /api/carts/66d4feb8854a328c50ffdfdc - 1/9/2024
[2024-09-01T23:54:33.051Z] info: POST en /api/carts/66d4feb8854a328c50ffdfdd/product/66d4feb8854a328c50ffdfdf - 1/9/2024
[2024-09-01T23:54:33.051Z] error: POST en /api/carts/66d4feb8854a328c50ffdfdd/product/66d4feb8854a328c50ffdfdf - 1/9/2024
[2024-09-01T23:54:33.051Z] warning: POST en /api/carts/66d4feb8854a328c50ffdfdd/product/66d4feb8854a328c50ffdfdf - 1/9/2024
[2024-09-01T23:54:33.052Z] fatal: POST en /api/carts/66d4feb8854a328c50ffdfdd/product/66d4feb8854a328c50ffdfdf - 1/9/2024
[2024-09-01T23:54:33.357Z] info: POST en /api/carts/66d4feb9854a328c50ffdfe1/product/66d4feb9854a328c50ffdfe3 - 1/9/2024
[2024-09-01T23:54:33.357Z] error: POST en /api/carts/66d4feb9854a328c50ffdfe1/product/66d4feb9854a328c50ffdfe3 - 1/9/2024
[2024-09-01T23:54:33.357Z] warning: POST en /api/carts/66d4feb9854a328c50ffdfe1/product/66d4feb9854a328c50ffdfe3 - 1/9/2024
[2024-09-01T23:54:33.357Z] fatal: POST en /api/carts/66d4feb9854a328c50ffdfe1/product/66d4feb9854a328c50ffdfe3 - 1/9/2024
[2024-09-01T23:54:33.583Z] info: DELETE en /api/carts/66d4feb9854a328c50ffdfe1/product/66d4feb9854a328c50ffdfe3 - 1/9/2024
[2024-09-01T23:54:33.584Z] error: DELETE en /api/carts/66d4feb9854a328c50ffdfe1/product/66d4feb9854a328c50ffdfe3 - 1/9/2024
[2024-09-01T23:54:33.584Z] warning: DELETE en /api/carts/66d4feb9854a328c50ffdfe1/product/66d4feb9854a328c50ffdfe3 - 1/9/2024
[2024-09-01T23:54:33.584Z] fatal: DELETE en /api/carts/66d4feb9854a328c50ffdfe1/product/66d4feb9854a328c50ffdfe3 - 1/9/2024
[2024-09-01T23:54:33.645Z] error: El id del producto undefined no es válido
[2024-09-01T23:54:33.646Z] error: Error al eliminar el producto del carrito con id: 66d4feb9854a328c50ffdfe1 e id del producto: undefined
[2024-09-01T23:54:33.646Z] error: function Error() { [native code] }
[2024-09-01T23:54:33.646Z] error: Error al Eliminar el producto del Cart: 66d4feb9854a328c50ffdfe1 indicado undefined 
[2024-09-01T23:54:33.646Z] error: Hubo un problema al eliminar el producto del carrito
[2024-09-02T00:00:52.892Z] info: POST en /api/carts - 1/9/2024
[2024-09-02T00:00:52.894Z] error: POST en /api/carts - 1/9/2024
[2024-09-02T00:00:52.894Z] warning: POST en /api/carts - 1/9/2024
[2024-09-02T00:00:52.894Z] fatal: POST en /api/carts - 1/9/2024
[2024-09-02T00:00:53.073Z] info: GET en /api/carts - 1/9/2024
[2024-09-02T00:00:53.073Z] error: GET en /api/carts - 1/9/2024
[2024-09-02T00:00:53.073Z] warning: GET en /api/carts - 1/9/2024
[2024-09-02T00:00:53.074Z] fatal: GET en /api/carts - 1/9/2024
[2024-09-02T00:00:53.311Z] info: GET en /api/carts/66d50035739a220b3f2562c1 - 1/9/2024
[2024-09-02T00:00:53.312Z] error: GET en /api/carts/66d50035739a220b3f2562c1 - 1/9/2024
[2024-09-02T00:00:53.312Z] warning: GET en /api/carts/66d50035739a220b3f2562c1 - 1/9/2024
[2024-09-02T00:00:53.312Z] fatal: GET en /api/carts/66d50035739a220b3f2562c1 - 1/9/2024
[2024-09-02T00:00:53.456Z] info: GET en /api/carts/66d50035739a220b3f2562c4 - 1/9/2024
[2024-09-02T00:00:53.456Z] error: GET en /api/carts/66d50035739a220b3f2562c4 - 1/9/2024
[2024-09-02T00:00:53.457Z] warning: GET en /api/carts/66d50035739a220b3f2562c4 - 1/9/2024
[2024-09-02T00:00:53.457Z] fatal: GET en /api/carts/66d50035739a220b3f2562c4 - 1/9/2024
[2024-09-02T00:00:53.737Z] info: DELETE en /api/carts/66d50035739a220b3f2562c5 - 1/9/2024
[2024-09-02T00:00:53.738Z] error: DELETE en /api/carts/66d50035739a220b3f2562c5 - 1/9/2024
[2024-09-02T00:00:53.738Z] warning: DELETE en /api/carts/66d50035739a220b3f2562c5 - 1/9/2024
[2024-09-02T00:00:53.739Z] fatal: DELETE en /api/carts/66d50035739a220b3f2562c5 - 1/9/2024
[2024-09-02T00:00:53.856Z] info: DELETE en /api/carts/66d50035739a220b3f2562c8 - 1/9/2024
[2024-09-02T00:00:53.857Z] error: DELETE en /api/carts/66d50035739a220b3f2562c8 - 1/9/2024
[2024-09-02T00:00:53.857Z] warning: DELETE en /api/carts/66d50035739a220b3f2562c8 - 1/9/2024
[2024-09-02T00:00:53.857Z] fatal: DELETE en /api/carts/66d50035739a220b3f2562c8 - 1/9/2024
[2024-09-02T00:00:54.104Z] info: POST en /api/carts/66d50035739a220b3f2562c9/product/66d50036739a220b3f2562cb - 1/9/2024
[2024-09-02T00:00:54.105Z] error: POST en /api/carts/66d50035739a220b3f2562c9/product/66d50036739a220b3f2562cb - 1/9/2024
[2024-09-02T00:00:54.105Z] warning: POST en /api/carts/66d50035739a220b3f2562c9/product/66d50036739a220b3f2562cb - 1/9/2024
[2024-09-02T00:00:54.105Z] fatal: POST en /api/carts/66d50035739a220b3f2562c9/product/66d50036739a220b3f2562cb - 1/9/2024
[2024-09-02T00:00:54.428Z] info: POST en /api/carts/66d50036739a220b3f2562cd/product/66d50036739a220b3f2562cf - 1/9/2024
[2024-09-02T00:00:54.428Z] error: POST en /api/carts/66d50036739a220b3f2562cd/product/66d50036739a220b3f2562cf - 1/9/2024
[2024-09-02T00:00:54.428Z] warning: POST en /api/carts/66d50036739a220b3f2562cd/product/66d50036739a220b3f2562cf - 1/9/2024
[2024-09-02T00:00:54.428Z] fatal: POST en /api/carts/66d50036739a220b3f2562cd/product/66d50036739a220b3f2562cf - 1/9/2024
[2024-09-02T00:00:54.670Z] info: DELETE en /api/carts/66d50036739a220b3f2562cd/product/66d50036739a220b3f2562cf - 1/9/2024
[2024-09-02T00:00:54.670Z] error: DELETE en /api/carts/66d50036739a220b3f2562cd/product/66d50036739a220b3f2562cf - 1/9/2024
[2024-09-02T00:00:54.671Z] warning: DELETE en /api/carts/66d50036739a220b3f2562cd/product/66d50036739a220b3f2562cf - 1/9/2024
[2024-09-02T00:00:54.671Z] fatal: DELETE en /api/carts/66d50036739a220b3f2562cd/product/66d50036739a220b3f2562cf - 1/9/2024
[2024-09-02T00:00:54.734Z] error: El id del producto undefined no es válido
[2024-09-02T00:00:54.735Z] error: Error al eliminar el producto del carrito con id: 66d50036739a220b3f2562cd e id del producto: undefined
[2024-09-02T00:00:54.735Z] error: function Error() { [native code] }
[2024-09-02T00:00:54.735Z] error: Error al Eliminar el producto del Cart: 66d50036739a220b3f2562cd indicado undefined 
[2024-09-02T00:00:54.736Z] error: Hubo un problema al eliminar el producto del carrito
[2024-09-02T00:06:44.767Z] info: POST en /api/carts - 1/9/2024
[2024-09-02T00:06:44.767Z] error: POST en /api/carts - 1/9/2024
[2024-09-02T00:06:44.768Z] warning: POST en /api/carts - 1/9/2024
[2024-09-02T00:06:44.768Z] fatal: POST en /api/carts - 1/9/2024
[2024-09-02T00:06:44.994Z] info: GET en /api/carts - 1/9/2024
[2024-09-02T00:06:44.994Z] error: GET en /api/carts - 1/9/2024
[2024-09-02T00:06:44.994Z] warning: GET en /api/carts - 1/9/2024
[2024-09-02T00:06:44.995Z] fatal: GET en /api/carts - 1/9/2024
[2024-09-02T00:06:45.364Z] info: GET en /api/carts/66d50195bc8fc7939b0126d9 - 1/9/2024
[2024-09-02T00:06:45.364Z] error: GET en /api/carts/66d50195bc8fc7939b0126d9 - 1/9/2024
[2024-09-02T00:06:45.364Z] warning: GET en /api/carts/66d50195bc8fc7939b0126d9 - 1/9/2024
[2024-09-02T00:06:45.364Z] fatal: GET en /api/carts/66d50195bc8fc7939b0126d9 - 1/9/2024
[2024-09-02T00:06:45.458Z] info: GET en /api/carts/66d50195bc8fc7939b0126db - 1/9/2024
[2024-09-02T00:06:45.458Z] error: GET en /api/carts/66d50195bc8fc7939b0126db - 1/9/2024
[2024-09-02T00:06:45.458Z] warning: GET en /api/carts/66d50195bc8fc7939b0126db - 1/9/2024
[2024-09-02T00:06:45.458Z] fatal: GET en /api/carts/66d50195bc8fc7939b0126db - 1/9/2024
[2024-09-02T00:06:45.910Z] info: POST en /api/carts/66d50195bc8fc7939b0126dd/product/66d50195bc8fc7939b0126df - 1/9/2024
[2024-09-02T00:06:45.910Z] error: POST en /api/carts/66d50195bc8fc7939b0126dd/product/66d50195bc8fc7939b0126df - 1/9/2024
[2024-09-02T00:06:45.910Z] warning: POST en /api/carts/66d50195bc8fc7939b0126dd/product/66d50195bc8fc7939b0126df - 1/9/2024
[2024-09-02T00:06:45.910Z] fatal: POST en /api/carts/66d50195bc8fc7939b0126dd/product/66d50195bc8fc7939b0126df - 1/9/2024
[2024-09-02T00:49:34.210Z] info: POST en /api/carts - 1/9/2024
[2024-09-02T00:49:34.210Z] error: POST en /api/carts - 1/9/2024
[2024-09-02T00:49:34.211Z] warning: POST en /api/carts - 1/9/2024
[2024-09-02T00:49:34.211Z] fatal: POST en /api/carts - 1/9/2024
[2024-09-02T00:49:34.708Z] info: GET en /api/carts - 1/9/2024
[2024-09-02T00:49:34.708Z] error: GET en /api/carts - 1/9/2024
[2024-09-02T00:49:34.709Z] warning: GET en /api/carts - 1/9/2024
[2024-09-02T00:49:34.709Z] fatal: GET en /api/carts - 1/9/2024
[2024-09-02T00:49:34.931Z] info: GET en /api/carts/66d50b9e2782942e6fc3c466 - 1/9/2024
[2024-09-02T00:49:34.931Z] error: GET en /api/carts/66d50b9e2782942e6fc3c466 - 1/9/2024
[2024-09-02T00:49:34.931Z] warning: GET en /api/carts/66d50b9e2782942e6fc3c466 - 1/9/2024
[2024-09-02T00:49:34.931Z] fatal: GET en /api/carts/66d50b9e2782942e6fc3c466 - 1/9/2024
[2024-09-02T00:49:35.057Z] info: GET en /api/carts/66d50b9f2782942e6fc3c468 - 1/9/2024
[2024-09-02T00:49:35.057Z] error: GET en /api/carts/66d50b9f2782942e6fc3c468 - 1/9/2024
[2024-09-02T00:49:35.058Z] warning: GET en /api/carts/66d50b9f2782942e6fc3c468 - 1/9/2024
[2024-09-02T00:49:35.058Z] fatal: GET en /api/carts/66d50b9f2782942e6fc3c468 - 1/9/2024
[2024-09-02T00:49:35.289Z] info: POST en /api/carts/66d50b9f2782942e6fc3c469/product/66d50b9f2782942e6fc3c46b - 1/9/2024
[2024-09-02T00:49:35.290Z] error: POST en /api/carts/66d50b9f2782942e6fc3c469/product/66d50b9f2782942e6fc3c46b - 1/9/2024
[2024-09-02T00:49:35.290Z] warning: POST en /api/carts/66d50b9f2782942e6fc3c469/product/66d50b9f2782942e6fc3c46b - 1/9/2024
[2024-09-02T00:49:35.290Z] fatal: POST en /api/carts/66d50b9f2782942e6fc3c469/product/66d50b9f2782942e6fc3c46b - 1/9/2024
[2024-09-02T00:51:40.016Z] info: POST en /api/carts - 1/9/2024
[2024-09-02T00:51:40.017Z] error: POST en /api/carts - 1/9/2024
[2024-09-02T00:51:40.017Z] warning: POST en /api/carts - 1/9/2024
[2024-09-02T00:51:40.017Z] fatal: POST en /api/carts - 1/9/2024
[2024-09-02T00:51:40.147Z] info: GET en /api/carts - 1/9/2024
[2024-09-02T00:51:40.148Z] error: GET en /api/carts - 1/9/2024
[2024-09-02T00:51:40.148Z] warning: GET en /api/carts - 1/9/2024
[2024-09-02T00:51:40.148Z] fatal: GET en /api/carts - 1/9/2024
[2024-09-02T00:51:40.347Z] info: GET en /api/carts/66d50c1cc86f8acac59ff100 - 1/9/2024
[2024-09-02T00:51:40.348Z] error: GET en /api/carts/66d50c1cc86f8acac59ff100 - 1/9/2024
[2024-09-02T00:51:40.348Z] warning: GET en /api/carts/66d50c1cc86f8acac59ff100 - 1/9/2024
[2024-09-02T00:51:40.348Z] fatal: GET en /api/carts/66d50c1cc86f8acac59ff100 - 1/9/2024
[2024-09-02T00:51:40.442Z] info: GET en /api/carts/66d50c1cc86f8acac59ff103 - 1/9/2024
[2024-09-02T00:51:40.442Z] error: GET en /api/carts/66d50c1cc86f8acac59ff103 - 1/9/2024
[2024-09-02T00:51:40.442Z] warning: GET en /api/carts/66d50c1cc86f8acac59ff103 - 1/9/2024
[2024-09-02T00:51:40.442Z] fatal: GET en /api/carts/66d50c1cc86f8acac59ff103 - 1/9/2024
[2024-09-02T00:51:40.667Z] info: POST en /api/carts/66d50c1cc86f8acac59ff104/product/66d50c1cc86f8acac59ff106 - 1/9/2024
[2024-09-02T00:51:40.668Z] error: POST en /api/carts/66d50c1cc86f8acac59ff104/product/66d50c1cc86f8acac59ff106 - 1/9/2024
[2024-09-02T00:51:40.668Z] warning: POST en /api/carts/66d50c1cc86f8acac59ff104/product/66d50c1cc86f8acac59ff106 - 1/9/2024
[2024-09-02T00:51:40.668Z] fatal: POST en /api/carts/66d50c1cc86f8acac59ff104/product/66d50c1cc86f8acac59ff106 - 1/9/2024
[2024-09-02T01:01:35.277Z] info: POST en /api/carts - 1/9/2024
[2024-09-02T01:01:35.278Z] error: POST en /api/carts - 1/9/2024
[2024-09-02T01:01:35.278Z] warning: POST en /api/carts - 1/9/2024
[2024-09-02T01:01:35.279Z] fatal: POST en /api/carts - 1/9/2024
[2024-09-02T01:01:35.463Z] info: GET en /api/carts - 1/9/2024
[2024-09-02T01:01:35.463Z] error: GET en /api/carts - 1/9/2024
[2024-09-02T01:01:35.464Z] warning: GET en /api/carts - 1/9/2024
[2024-09-02T01:01:35.464Z] fatal: GET en /api/carts - 1/9/2024
[2024-09-02T01:01:35.702Z] info: GET en /api/carts/66d50e6fce60d28533a83294 - 1/9/2024
[2024-09-02T01:01:35.702Z] error: GET en /api/carts/66d50e6fce60d28533a83294 - 1/9/2024
[2024-09-02T01:01:35.702Z] warning: GET en /api/carts/66d50e6fce60d28533a83294 - 1/9/2024
[2024-09-02T01:01:35.702Z] fatal: GET en /api/carts/66d50e6fce60d28533a83294 - 1/9/2024
[2024-09-02T01:01:35.795Z] info: GET en /api/carts/66d50e6fce60d28533a83297 - 1/9/2024
[2024-09-02T01:01:35.795Z] error: GET en /api/carts/66d50e6fce60d28533a83297 - 1/9/2024
[2024-09-02T01:01:35.795Z] warning: GET en /api/carts/66d50e6fce60d28533a83297 - 1/9/2024
[2024-09-02T01:01:35.795Z] fatal: GET en /api/carts/66d50e6fce60d28533a83297 - 1/9/2024
[2024-09-02T01:01:36.012Z] info: POST en /api/carts/66d50e6fce60d28533a83298/product/66d50e6fce60d28533a8329a - 1/9/2024
[2024-09-02T01:01:36.012Z] error: POST en /api/carts/66d50e6fce60d28533a83298/product/66d50e6fce60d28533a8329a - 1/9/2024
[2024-09-02T01:01:36.012Z] warning: POST en /api/carts/66d50e6fce60d28533a83298/product/66d50e6fce60d28533a8329a - 1/9/2024
[2024-09-02T01:01:36.012Z] fatal: POST en /api/carts/66d50e6fce60d28533a83298/product/66d50e6fce60d28533a8329a - 1/9/2024
